# JRE version: Java(TM) SE Runtime Environment (21.0.9+7) (build 21.0.9+7-LTS-338)
# Java VM: Java HotSpot(TM) 64-Bit Server VM (21.0.9+7-LTS-338, mixed mode, sharing, tiered, compressed oops, compressed class ptrs, g1 gc, windows-amd64)
GC Precious Log:
 CardTable entry size: 512
 Card Set container configuration: InlinePtr #cards 5 size 8 Array Of Cards #cards 12 size 40 Howl #buckets 4 coarsen threshold 1843 Howl Bitmap #cards 512 size 80 coarsen threshold 460 Card regions per heap region 1 cards per card region 2048
 CPUs: 4 total, 4 available
 Memory: 7994M
 Large Page Support: Disabled
 NUMA Support: Disabled
 Compressed Oops: Enabled (32-bit)
 Heap Region Size: 1M
 Heap Min Capacity: 8M
 Heap Initial Capacity: 126M
 Heap Max Capacity: 2G
 Pre-touch: Disabled
 Parallel Workers: 4
 Concurrent Workers: 1
 Concurrent Refinement Workers: 4
 Periodic GC: Disabled
Heap:
 garbage-first heap   total 473088K, used 230152K [0x0000000080000000, 0x0000000100000000)
  region size 1024K, 102 young (104448K), 16 survivors (16384K)
 Metaspace       used 105783K, committed 108032K, reserved 557056K
  class space    used 14287K, committed 15424K, reserved 425984K
GC Heap History (20 events):
Event: 25.417 GC heap before
{Heap before GC invocations=40 (full 0):
 garbage-first heap   total 237568K, used 216553K [0x0000000080000000, 0x0000000100000000)
  region size 1024K, 92 young (94208K), 6 survivors (6144K)
 Metaspace       used 93280K, committed 95488K, reserved 557056K
  class space    used 12830K, committed 13952K, reserved 425984K
}
Event: 25.426 GC heap after
{Heap after GC invocations=41 (full 0):
 garbage-first heap   total 356352K, used 129574K [0x0000000080000000, 0x0000000100000000)
  region size 1024K, 7 young (7168K), 7 survivors (7168K)
 Metaspace       used 93280K, committed 95488K, reserved 557056K
  class space    used 12830K, committed 13952K, reserved 425984K
}
Event: 25.996 GC heap before
{Heap before GC invocations=42 (full 0):
 garbage-first heap   total 356352K, used 329254K [0x0000000080000000, 0x0000000100000000)
  region size 1024K, 202 young (206848K), 7 survivors (7168K)
 Metaspace       used 93297K, committed 95488K, reserved 557056K
  class space    used 12831K, committed 13952K, reserved 425984K
}
Event: 26.007 GC heap after
{Heap after GC invocations=43 (full 0):
 garbage-first heap   total 356352K, used 132520K [0x0000000080000000, 0x0000000100000000)
  region size 1024K, 10 young (10240K), 10 survivors (10240K)
 Metaspace       used 93297K, committed 95488K, reserved 557056K
  class space    used 12831K, committed 13952K, reserved 425984K
}
Event: 26.351 GC heap before
{Heap before GC invocations=43 (full 0):
 garbage-first heap   total 356352K, used 326056K [0x0000000080000000, 0x0000000100000000)
  region size 1024K, 199 young (203776K), 10 survivors (10240K)
 Metaspace       used 93312K, committed 95552K, reserved 557056K
  class space    used 12831K, committed 13952K, reserved 425984K
}
Event: 26.367 GC heap after
{Heap after GC invocations=44 (full 0):
 garbage-first heap   total 356352K, used 133748K [0x0000000080000000, 0x0000000100000000)
  region size 1024K, 11 young (11264K), 11 survivors (11264K)
 Metaspace       used 93312K, committed 95552K, reserved 557056K
  class space    used 12831K, committed 13952K, reserved 425984K
}
Event: 26.680 GC heap before
{Heap before GC invocations=44 (full 0):
 garbage-first heap   total 356352K, used 326260K [0x0000000080000000, 0x0000000100000000)
  region size 1024K, 199 young (203776K), 11 survivors (11264K)
 Metaspace       used 93312K, committed 95552K, reserved 557056K
  class space    used 12831K, committed 13952K, reserved 425984K
}
Event: 26.693 GC heap after
{Heap after GC invocations=45 (full 0):
 garbage-first heap   total 356352K, used 136316K [0x0000000080000000, 0x0000000100000000)
  region size 1024K, 14 young (14336K), 14 survivors (14336K)
 Metaspace       used 93312K, committed 95552K, reserved 557056K
  class space    used 12831K, committed 13952K, reserved 425984K
}
Event: 27.429 GC heap before
{Heap before GC invocations=46 (full 0):
 garbage-first heap   total 356352K, used 322684K [0x0000000080000000, 0x0000000100000000)
  region size 1024K, 196 young (200704K), 14 survivors (14336K)
 Metaspace       used 93314K, committed 95552K, reserved 557056K
  class space    used 12831K, committed 13952K, reserved 425984K
}
Event: 27.445 GC heap after
{Heap after GC invocations=47 (full 0):
 garbage-first heap   total 356352K, used 138876K [0x0000000080000000, 0x0000000100000000)
  region size 1024K, 16 young (16384K), 16 survivors (16384K)
 Metaspace       used 93314K, committed 95552K, reserved 557056K
  class space    used 12831K, committed 13952K, reserved 425984K
}
Event: 27.690 GC heap before
{Heap before GC invocations=47 (full 0):
 garbage-first heap   total 356352K, used 321148K [0x0000000080000000, 0x0000000100000000)
  region size 1024K, 194 young (198656K), 16 survivors (16384K)
 Metaspace       used 93314K, committed 95552K, reserved 557056K
  class space    used 12831K, committed 13952K, reserved 425984K
}
Event: 27.709 GC heap after
{Heap after GC invocations=48 (full 0):
 garbage-first heap   total 356352K, used 141076K [0x0000000080000000, 0x0000000100000000)
  region size 1024K, 16 young (16384K), 16 survivors (16384K)
 Metaspace       used 93314K, committed 95552K, reserved 557056K
  class space    used 12831K, committed 13952K, reserved 425984K
}
Event: 27.997 GC heap before
{Heap before GC invocations=48 (full 0):
 garbage-first heap   total 356352K, used 320276K [0x0000000080000000, 0x0000000100000000)
  region size 1024K, 191 young (195584K), 16 survivors (16384K)
 Metaspace       used 93314K, committed 95552K, reserved 557056K
  class space    used 12831K, committed 13952K, reserved 425984K
}
Event: 28.014 GC heap after
{Heap after GC invocations=49 (full 0):
 garbage-first heap   total 473088K, used 143427K [0x0000000080000000, 0x0000000100000000)
  region size 1024K, 13 young (13312K), 13 survivors (13312K)
 Metaspace       used 93314K, committed 95552K, reserved 557056K
  class space    used 12831K, committed 13952K, reserved 425984K
}
Event: 28.480 GC heap before
{Heap before GC invocations=50 (full 0):
 garbage-first heap   total 473088K, used 413763K [0x0000000080000000, 0x0000000100000000)
  region size 1024K, 277 young (283648K), 13 survivors (13312K)
 Metaspace       used 93315K, committed 95552K, reserved 557056K
  class space    used 12831K, committed 13952K, reserved 425984K
}
Event: 28.497 GC heap after
{Heap after GC invocations=51 (full 0):
 garbage-first heap   total 473088K, used 147523K [0x0000000080000000, 0x0000000100000000)
  region size 1024K, 17 young (17408K), 17 survivors (17408K)
 Metaspace       used 93315K, committed 95552K, reserved 557056K
  class space    used 12831K, committed 13952K, reserved 425984K
}
Event: 40.142 GC heap before
{Heap before GC invocations=51 (full 0):
 garbage-first heap   total 473088K, used 412739K [0x0000000080000000, 0x0000000100000000)
  region size 1024K, 277 young (283648K), 17 survivors (17408K)
 Metaspace       used 102200K, committed 104384K, reserved 557056K
  class space    used 13827K, committed 14912K, reserved 425984K
}
Event: 40.162 GC heap after
{Heap after GC invocations=52 (full 0):
 garbage-first heap   total 473088K, used 146169K [0x0000000080000000, 0x0000000100000000)
  region size 1024K, 22 young (22528K), 22 survivors (22528K)
 Metaspace       used 102200K, committed 104384K, reserved 557056K
  class space    used 13827K, committed 14912K, reserved 425984K
}
Event: 41.142 GC heap before
{Heap before GC invocations=52 (full 0):
 garbage-first heap   total 473088K, used 407289K [0x0000000080000000, 0x0000000100000000)
  region size 1024K, 277 young (283648K), 22 survivors (22528K)
 Metaspace       used 102201K, committed 104384K, reserved 557056K
  class space    used 13827K, committed 14912K, reserved 425984K
}
Event: 41.159 GC heap after
{Heap after GC invocations=53 (full 0):
 garbage-first heap   total 473088K, used 144136K [0x0000000080000000, 0x0000000100000000)
  region size 1024K, 16 young (16384K), 16 survivors (16384K)
 Metaspace       used 102201K, committed 104384K, reserved 557056K
  class space    used 13827K, committed 14912K, reserved 425984K
}

