# JRE version: Java(TM) SE Runtime Environment (21.0.9+7) (build 21.0.9+7-LTS-338)
# Java VM: Java HotSpot(TM) 64-Bit Server VM (21.0.9+7-LTS-338, mixed mode, sharing, tiered, compressed oops, compressed class ptrs, g1 gc, windows-amd64)
GC Precious Log:
 CardTable entry size: 512
 Card Set container configuration: InlinePtr #cards 5 size 8 Array Of Cards #cards 12 size 40 Howl #buckets 4 coarsen threshold 1843 Howl Bitmap #cards 512 size 80 coarsen threshold 460 Card regions per heap region 1 cards per card region 2048
 CPUs: 4 total, 4 available
 Memory: 7994M
 Large Page Support: Disabled
 NUMA Support: Disabled
 Compressed Oops: Enabled (32-bit)
 Heap Region Size: 1M
 Heap Min Capacity: 8M
 Heap Initial Capacity: 126M
 Heap Max Capacity: 1536M
 Pre-touch: Disabled
 Parallel Workers: 4
 Concurrent Workers: 1
 Concurrent Refinement Workers: 4
 Periodic GC: Disabled
Heap:
 garbage-first heap   total 150528K, used 116616K [0x00000000a0000000, 0x0000000100000000)
  region size 1024K, 38 young (38912K), 6 survivors (6144K)
 Metaspace       used 79582K, committed 81856K, reserved 557056K
  class space    used 11274K, committed 12416K, reserved 425984K
GC Heap History (20 events):
Event: 8.993 GC heap before
{Heap before GC invocations=13 (full 0):
 garbage-first heap   total 103424K, used 93631K [0x00000000a0000000, 0x0000000100000000)
  region size 1024K, 54 young (55296K), 3 survivors (3072K)
 Metaspace       used 52311K, committed 54016K, reserved 491520K
  class space    used 7342K, committed 8192K, reserved 425984K
}
Event: 8.999 GC heap after
{Heap after GC invocations=14 (full 0):
 garbage-first heap   total 103424K, used 41742K [0x00000000a0000000, 0x0000000100000000)
  region size 1024K, 5 young (5120K), 5 survivors (5120K)
 Metaspace       used 52311K, committed 54016K, reserved 491520K
  class space    used 7342K, committed 8192K, reserved 425984K
}
Event: 9.989 GC heap before
{Heap before GC invocations=14 (full 0):
 garbage-first heap   total 103424K, used 90894K [0x00000000a0000000, 0x0000000100000000)
  region size 1024K, 54 young (55296K), 5 survivors (5120K)
 Metaspace       used 55972K, committed 57728K, reserved 491520K
  class space    used 7877K, committed 8768K, reserved 425984K
}
Event: 9.998 GC heap after
{Heap after GC invocations=15 (full 0):
 garbage-first heap   total 103424K, used 44970K [0x00000000a0000000, 0x0000000100000000)
  region size 1024K, 7 young (7168K), 7 survivors (7168K)
 Metaspace       used 55972K, committed 57728K, reserved 491520K
  class space    used 7877K, committed 8768K, reserved 425984K
}
Event: 10.352 GC heap before
{Heap before GC invocations=15 (full 0):
 garbage-first heap   total 103424K, used 72618K [0x00000000a0000000, 0x0000000100000000)
  region size 1024K, 31 young (31744K), 7 survivors (7168K)
 Metaspace       used 58481K, committed 60288K, reserved 491520K
  class space    used 8197K, committed 9088K, reserved 425984K
}
Event: 10.360 GC heap after
{Heap after GC invocations=16 (full 0):
 garbage-first heap   total 103424K, used 50211K [0x00000000a0000000, 0x0000000100000000)
  region size 1024K, 5 young (5120K), 5 survivors (5120K)
 Metaspace       used 58481K, committed 60288K, reserved 491520K
  class space    used 8197K, committed 9088K, reserved 425984K
}
Event: 10.860 GC heap before
{Heap before GC invocations=17 (full 0):
 garbage-first heap   total 107520K, used 98339K [0x00000000a0000000, 0x0000000100000000)
  region size 1024K, 45 young (46080K), 5 survivors (5120K)
 Metaspace       used 61692K, committed 63488K, reserved 491520K
  class space    used 8662K, committed 9600K, reserved 425984K
}
Event: 10.867 GC heap after
{Heap after GC invocations=18 (full 0):
 garbage-first heap   total 109568K, used 62054K [0x00000000a0000000, 0x0000000100000000)
  region size 1024K, 6 young (6144K), 6 survivors (6144K)
 Metaspace       used 61692K, committed 63488K, reserved 491520K
  class space    used 8662K, committed 9600K, reserved 425984K
}
Event: 11.392 GC heap before
{Heap before GC invocations=18 (full 0):
 garbage-first heap   total 109568K, used 95846K [0x00000000a0000000, 0x0000000100000000)
  region size 1024K, 39 young (39936K), 6 survivors (6144K)
 Metaspace       used 64516K, committed 66432K, reserved 491520K
  class space    used 9136K, committed 10112K, reserved 425984K
}
Event: 11.399 GC heap after
{Heap after GC invocations=19 (full 0):
 garbage-first heap   total 109568K, used 62987K [0x00000000a0000000, 0x0000000100000000)
  region size 1024K, 2 young (2048K), 2 survivors (2048K)
 Metaspace       used 64516K, committed 66432K, reserved 491520K
  class space    used 9136K, committed 10112K, reserved 425984K
}
Event: 12.079 GC heap before
{Heap before GC invocations=19 (full 0):
 garbage-first heap   total 109568K, used 100875K [0x00000000a0000000, 0x0000000100000000)
  region size 1024K, 39 young (39936K), 2 survivors (2048K)
 Metaspace       used 66552K, committed 68544K, reserved 491520K
  class space    used 9404K, committed 10368K, reserved 425984K
}
Event: 12.084 GC heap after
{Heap after GC invocations=20 (full 0):
 garbage-first heap   total 109568K, used 64674K [0x00000000a0000000, 0x0000000100000000)
  region size 1024K, 4 young (4096K), 4 survivors (4096K)
 Metaspace       used 66552K, committed 68544K, reserved 491520K
  class space    used 9404K, committed 10368K, reserved 425984K
}
Event: 12.747 GC heap before
{Heap before GC invocations=21 (full 0):
 garbage-first heap   total 116736K, used 97442K [0x00000000a0000000, 0x0000000100000000)
  region size 1024K, 36 young (36864K), 4 survivors (4096K)
 Metaspace       used 67783K, committed 69760K, reserved 491520K
  class space    used 9579K, committed 10560K, reserved 425984K
}
Event: 12.755 GC heap after
{Heap after GC invocations=22 (full 0):
 garbage-first heap   total 116736K, used 66073K [0x00000000a0000000, 0x0000000100000000)
  region size 1024K, 4 young (4096K), 4 survivors (4096K)
 Metaspace       used 67783K, committed 69760K, reserved 491520K
  class space    used 9579K, committed 10560K, reserved 425984K
}
Event: 13.629 GC heap before
{Heap before GC invocations=22 (full 0):
 garbage-first heap   total 116736K, used 114201K [0x00000000a0000000, 0x0000000100000000)
  region size 1024K, 40 young (40960K), 4 survivors (4096K)
 Metaspace       used 69523K, committed 71616K, reserved 491520K
  class space    used 9794K, committed 10816K, reserved 425984K
}
Event: 13.641 GC heap after
{Heap after GC invocations=23 (full 0):
 garbage-first heap   total 124928K, used 80867K [0x00000000a0000000, 0x0000000100000000)
  region size 1024K, 5 young (5120K), 5 survivors (5120K)
 Metaspace       used 69523K, committed 71616K, reserved 491520K
  class space    used 9794K, committed 10816K, reserved 425984K
}
Event: 13.972 GC heap before
{Heap before GC invocations=23 (full 0):
 garbage-first heap   total 124928K, used 111587K [0x00000000a0000000, 0x0000000100000000)
  region size 1024K, 35 young (35840K), 5 survivors (5120K)
 Metaspace       used 72020K, committed 74048K, reserved 491520K
  class space    used 10115K, committed 11136K, reserved 425984K
}
Event: 13.980 GC heap after
{Heap after GC invocations=24 (full 0):
 garbage-first heap   total 150528K, used 82257K [0x00000000a0000000, 0x0000000100000000)
  region size 1024K, 2 young (2048K), 2 survivors (2048K)
 Metaspace       used 72020K, committed 74048K, reserved 491520K
  class space    used 10115K, committed 11136K, reserved 425984K
}
Event: 15.410 GC heap before
{Heap before GC invocations=25 (full 0):
 garbage-first heap   total 150528K, used 139601K [0x00000000a0000000, 0x0000000100000000)
  region size 1024K, 58 young (59392K), 2 survivors (2048K)
 Metaspace       used 76520K, committed 78720K, reserved 557056K
  class space    used 10891K, committed 11968K, reserved 425984K
}
Event: 15.418 GC heap after
{Heap after GC invocations=26 (full 0):
 garbage-first heap   total 150528K, used 85896K [0x00000000a0000000, 0x0000000100000000)
  region size 1024K, 6 young (6144K), 6 survivors (6144K)
 Metaspace       used 76520K, committed 78720K, reserved 557056K
  class space    used 10891K, committed 11968K, reserved 425984K
}

